<?xml version="1.0" encoding="UTF-8"?>
<!-- Generated by org.testng.reporters.JUnitXMLReporter -->
<testsuite ignored="0" hostname="PTDELL0040" failures="1" tests="1" name="Test5" time="0.002" errors="0" timestamp="2024-02-16T15:30:55 IST">
  <testcase classname="Day7.ChangePassword" name="testChangePassword" time="0.001">
    <failure type="java.lang.IllegalArgumentException" message="Header value cannot be null">
      <![CDATA[java.lang.IllegalArgumentException: Header value cannot be null
at org.codehaus.groovy.runtime.callsite.ConstructorSite$ConstructorSiteNoUnwrap.callConstructor(ConstructorSite.java:86)
at org.codehaus.groovy.runtime.callsite.AbstractCallSite.callConstructor(AbstractCallSite.java:277)
at io.restassured.internal.common.assertion.AssertParameter.notNull(AssertParameter.groovy:26)
at io.restassured.internal.common.assertion.AssertParameter$notNull.callStatic(Unknown Source)
at org.codehaus.groovy.runtime.callsite.CallSiteArray.defaultCallStatic(CallSiteArray.java:53)
at io.restassured.internal.common.assertion.AssertParameter$notNull.callStatic(Unknown Source)
at io.restassured.internal.RequestSpecificationImpl.header(RequestSpecificationImpl.groovy:869)
at Day7.ChangePassword.testChangePassword(ChangePassword.java:27)
at java.base/java.util.ArrayList.forEach(ArrayList.java:1511)
... Removed 34 stack frames]]>
    </failure>
  </testcase> <!-- testChangePassword -->
</testsuite> <!-- Test5 -->
